Sjasm Z80 Assembler v0.42b8 - www.xl2s.tk             [2021.02.16 - 20:24:05]

samplepak4.asm
Errors: 0

       1   00:8000                            org   0x8000
       2   00:8000  (00:0D40)           C_PER           equ $6a*32
       3   00:8000  (00:01A8)           DEFAULT_NOTE    equ C_PER/8
       4   00:8000                      
       5   00:8000                      
       6   00:8000  50 41 4B 00               db    "P","A","K",0
       7   00:8004                      
       8   00:8004                      samples:
       9   00:8004  7C 80 A8 01 00 00         dw    period7, DEFAULT_NOTE, 0         
      10   00:800A  7E 81                     dw    data7
      11   00:800C  9C 80 A8 01 00 00         dw    period10, DEFAULT_NOTE, 0         
      12   00:8012  5E 83                     dw    data10
      13   00:8014  C4 80 A8 01 00 00         dw    period17, DEFAULT_NOTE, 0
      14   00:801A  BE 85                     dw    data17
      15   00:801C  00 81 A8 01 00 00         dw    period19, DEFAULT_NOTE, 0
      16   00:8022  5E 89                     dw    data19
      17   00:8024  36 81 A8 01 00 00         dw    period28, DEFAULT_NOTE, 0
      18   00:802A  9E 8C                     dw    data28
      19   00:802C  50 81 A8 01 00 00         dw    period32, DEFAULT_NOTE, 0
      20   00:8032  1E 8E                     dw    data32
      21   00:8034  9A 80 A8 01 00 00         dw    period_empty, DEFAULT_NOTE, 0         
      22   00:803A  7E 81                     dw    data7
      23   00:803C  9A 80 A8 01 00 00         dw    period_empty, DEFAULT_NOTE, 0         
      24   00:8042  7E 81                     dw    data7
      25   00:8044  9A 80 A8 01 00 00         dw    period_empty, DEFAULT_NOTE, 0         
      26   00:804A  7E 81                     dw    data7
      27   00:804C  9A 80 A8 01 00 00         dw    period_empty, DEFAULT_NOTE, 0         
      28   00:8052  7E 81                     dw    data7
      29   00:8054  9A 80 A8 01 00 00         dw    period_empty, DEFAULT_NOTE, 0         
      30   00:805A  7E 81                     dw    data7
      31   00:805C  9A 80 A8 01 00 00         dw    period_empty, DEFAULT_NOTE, 0         
      32   00:8062  7E 81                     dw    data7            
      33   00:8064  9A 80 A8 01 00 00         dw    period_empty, DEFAULT_NOTE, 0         
      34   00:806A  7E 81                     dw    data7
      35   00:806C  9A 80 A8 01 00 00         dw    period_empty, DEFAULT_NOTE, 0         
      36   00:8072  7E 81                     dw    data7
      37   00:8074  9A 80 A8 01 00 00         dw    period_empty, DEFAULT_NOTE, 0         
      38   00:807A  7E 81                     dw    data7    
      39   00:807C                      
      40   00:807C                      
      41   00:807C                      period7:
      42   00:807C                          dw 0x0357,0x0357,0x0357,0x0357,0x0357,0x0357,0x0351,0x0351,0x0351,0x0351,0x0351,0x0357,0x0747,0x0747,0x0747
      42   00:807C  57 03 57 03 57 03 57 03 57 03 57 03 51 03 51 03 
      42   00:808C  51 03 51 03 51 03 57 03 47 07 47 07 47 07 
      43   00:809A                      period_empty:
      44   00:809A  FF FF                   dw -1 ; frame terminator 
      45   00:809C                      period10:
      46   00:809C                          dw 0x015F,0x02BB,0x02BB,0x02BB,0x02BB,0x02BB,0x02BB,0x02BB,0x02BB,0x02BB,0x02BB,0x02BB,0x02BB,0x02BB,0x02BB,0x02BB,0x02BB,0x02BB,0x02BB
      46   00:809C  5F 01 BB 02 BB 02 BB 02 BB 02 BB 02 BB 02 BB 02 
      46   00:80AC  BB 02 BB 02 BB 02 BB 02 BB 02 BB 02 BB 02 BB 02 
      46   00:80BC  BB 02 BB 02 BB 02 
      47   00:80C2  FF FF                   dw -1 ; frame terminator 
      48   00:80C4                      period17:
      49   00:80C4                          dw 0x0177,0x03FF,0x03F8,0x03F8,0x03F8,0x03FF,0x03F8,0x03F8,0x03F8,0x03F0,0x03F0,0x03F8,0x03F8,0x03F8,0x03F8,0x0371,0x0371,0x03F8,0x03F8,0x03F8,0x03F8,0x03F8,0x03F0,0x03F0,0x03F8,0x04C9,0x0302,0x03F8,0x03F8
      49   00:80C4  77 01 FF 03 F8 03 F8 03 F8 03 FF 03 F8 03 F8 03 
      49   00:80D4  F8 03 F0 03 F0 03 F8 03 F8 03 F8 03 F8 03 71 03 
      49   00:80E4  71 03 F8 03 F8 03 F8 03 F8 03 F8 03 F0 03 F0 03 
      49   00:80F4  F8 03 C9 04 02 03 F8 03 F8 03 
      50   00:80FE  FF FF                   dw -1 ; frame terminator 
      51   00:8100                      period19:
      52   00:8100                          dw 0x0237,0x023B,0x0248,0x024C,0x034B,0x0357,0x0271,0x04D2,0x01EF,0x01E4,0x01DD,0x01DD,0x0351,0x01B7,0x01BB,0x0297,0x0747,0x0747,0x0747,0x0747,0x0747,0x0747,0x0747,0x0747,0x0747,0x0747
      52   00:8100  37 02 3B 02 48 02 4C 02 4B 03 57 03 71 02 D2 04 
      52   00:8110  EF 01 E4 01 DD 01 DD 01 51 03 B7 01 BB 01 97 02 
      52   00:8120  47 07 47 07 47 07 47 07 47 07 47 07 47 07 47 07 
      52   00:8130  47 07 47 07 
      53   00:8134  FF FF                   dw -1 ; frame terminator 
      54   00:8136                      period28:
      55   00:8136                          dw 0x0531,0x0531,0x0528,0x0378,0x0371,0x0371,0x05FC,0x051E,0x030E,0x0417,0x040F,0x0747
      55   00:8136  31 05 31 05 28 05 78 03 71 03 71 03 FC 05 1E 05 
      55   00:8146  0E 03 17 04 0F 04 47 07 
      56   00:814E  FF FF                   dw -1 ; frame terminator 
      57   00:8150                      period32:
      58   00:8150                          dw 0x0371,0x0417,0x0417,0x0417,0x0417,0x0417,0x0417,0x0417,0x0417,0x0417,0x0417,0x0417,0x0417,0x0417,0x0417,0x0417,0x0417,0x0417,0x0747,0x0747,0x0747,0x0747
      58   00:8150  71 03 17 04 17 04 17 04 17 04 17 04 17 04 17 04 
      58   00:8160  17 04 17 04 17 04 17 04 17 04 17 04 17 04 17 04 
      58   00:8170  17 04 17 04 47 07 47 07 47 07 47 07 
      59   00:817C  FF FF                   dw -1 ; frame terminator 
      60   00:817E                      
      61   00:817E                      
      62   00:817E                      data7:
      63   00:817E                          db 0x2A,0x25,0xF2,0xF4,0x0A,0x16,0xFA,0xED,0xE8,0xCE,0xDE,0x36,0x4A,0x37,0xE2,0xC5,0xF0,0x02,0xEC,0xE5,0xF3,0x1B,0x19,0x16,0x16,0xF5,0xD6,0xED,0x05,0x1C,0xDD,0xC8
      63   00:817E  2A 25 F2 F4 0A 16 FA ED E8 CE DE 36 4A 37 E2 C5 
      63   00:818E  F0 02 EC E5 F3 1B 19 16 16 F5 D6 ED 05 1C DD C8 
      64   00:819E                          db 0xBB,0xB3,0x09,0xE9,0xDA,0x12,0x59,0x4F,0xEF,0xBF,0xF3,0xED,0xE6,0xF1,0x04,0x02,0x03,0x35,0x2B,0xF8,0xDF,0xE6,0xFA,0x22,0xFE,0xB5,0xD3,0x27,0x46,0x07,0x3A,0x2C
      64   00:819E  BB B3 09 E9 DA 12 59 4F EF BF F3 ED E6 F1 04 02 
      64   00:81AE  03 35 2B F8 DF E6 FA 22 FE B5 D3 27 46 07 3A 2C 
      65   00:81BE                          db 0x52,0x7F,0xE5,0xC7,0xE7,0xE7,0xAB,0xE4,0x3C,0x35,0xF1,0x39,0x4B,0xDB,0xB8,0xEC,0x17,0x0A,0xFC,0xEC,0xBD,0xFA,0x67,0x50,0x23,0x16,0xBE,0x8B,0xDF,0x09,0xEA,0xD8
      65   00:81BE  52 7F E5 C7 E7 E7 AB E4 3C 35 F1 39 4B DB B8 EC 
      65   00:81CE  17 0A FC EC BD FA 67 50 23 16 BE 8B DF 09 EA D8 
      66   00:81DE                          db 0xC1,0xDB,0x3B,0x40,0xE2,0x20,0x36,0x0E,0xAF,0x2E,0x0F,0x27,0xD6,0x00,0xAD,0xD8,0x2A,0x7F,0x44,0x1C,0xDC,0xB1,0xF7,0xE9,0xF9,0xDB,0x33,0x4A,0x5E,0x0A,0xF5,0xA8
      66   00:81DE  C1 DB 3B 40 E2 20 36 0E AF 2E 0F 27 D6 00 AD D8 
      66   00:81EE  2A 7F 44 1C DC B1 F7 E9 F9 DB 33 4A 5E 0A F5 A8 
      67   00:81FE                          db 0xF8,0x0A,0xEB,0x1D,0x09,0x13,0x14,0xFF,0xE8,0xC7,0xDC,0x3E,0x58,0x35,0xFA,0xC5,0xEB,0xE3,0xF5,0x18,0x03,0x15,0x4C,0x26,0xF6,0xBD,0xAE,0x0B,0x30,0x46,0x1D,0xE9
      67   00:81FE  F8 0A EB 1D 09 13 14 FF E8 C7 DC 3E 58 35 FA C5 
      67   00:820E  EB E3 F5 18 03 15 4C 26 F6 BD AE 0B 30 46 1D E9 
      68   00:821E                          db 0x23,0x16,0xEF,0xD1,0xC5,0x02,0x30,0x33,0x2D,0xE9,0xCA,0xE1,0x0D,0x0B,0xFC,0x07,0x15,0x1E,0x0D,0xE9,0xC3,0xEC,0x01,0x3E,0x34,0x0D,0xD0,0xE1,0xE8,0x01,0x09,0x22
      68   00:821E  23 16 EF D1 C5 02 30 33 2D E9 CA E1 0D 0B FC 07 
      68   00:822E  15 1E 0D E9 C3 EC 01 3E 34 0D D0 E1 E8 01 09 22 
      69   00:823E                          db 0xFE,0x05,0x29,0x18,0x02,0xE5,0xF5,0x0A,0xFE,0x02,0x01,0xFB,0x13,0x0D,0xED,0xF4,0xD8,0xF9,0x38,0x34,0x05,0xEC,0xE0,0xD0,0xE2,0x21,0x34,0x02,0x15,0x04,0xE5,0xDF
      69   00:823E  FE 05 29 18 02 E5 F5 0A FE 02 01 FB 13 0D ED F4 
      69   00:824E  D8 F9 38 34 05 EC E0 D0 E2 21 34 02 15 04 E5 DF 
      70   00:825E                          db 0x09,0xEC,0xF6,0x04,0xFA,0xF7,0x18,0x09,0x04,0xEB,0xE5,0x0B,0x1E,0x0B,0x0B,0xFA,0xE4,0xD3,0xFF,0x34,0x21,0xF6,0xFC,0xF2,0xF5,0xF4,0x06,0x11,0xFA,0xE9,0x15,0x1E
      70   00:825E  09 EC F6 04 FA F7 18 09 04 EB E5 0B 1E 0B 0B FA 
      70   00:826E  E4 D3 FF 34 21 F6 FC F2 F5 F4 06 11 FA E9 15 1E 
      71   00:827E                          db 0x1A,0x0F,0x00,0xF3,0xFA,0x1D,0x0B,0xF2,0xE9,0xE6,0xEF,0x05,0x24,0x2B,0x0F,0xE8,0xF1,0xF9,0xFD,0xEE,0x02,0x0C,0xF0,0xF8,0x28,0x26,0xFD,0xF8,0xEA,0xE1,0xE5,0x0E
      71   00:827E  1A 0F 00 F3 FA 1D 0B F2 E9 E6 EF 05 24 2B 0F E8 
      71   00:828E  F1 F9 FD EE 02 0C F0 F8 28 26 FD F8 EA E1 E5 0E 
      72   00:829E                          db 0x13,0xEF,0xE2,0xD3,0xEF,0x19,0x2E,0x18,0x07,0xE8,0xF4,0x07,0x01,0xF8,0xED,0xF3,0xF2,0x16,0x25,0x22,0xEF,0xFA,0xEE,0xF1,0xF0,0x07,0x05,0x05,0xF8,0x0B,0x17,0x13
      72   00:829E  13 EF E2 D3 EF 19 2E 18 07 E8 F4 07 01 F8 ED F3 
      72   00:82AE  F2 16 25 22 EF FA EE F1 F0 07 05 05 F8 0B 17 13 
      73   00:82BE                          db 0x18,0x0D,0x01,0xF8,0xF9,0x0A,0x0D,0xFB,0xE2,0xF0,0xFE,0x12,0x16,0x17,0xF5,0xF3,0xFE,0x08,0xF4,0xF9,0xF9,0xF6,0xFB,0x12,0x19,0x0D,0xFE,0xF7,0xEF,0xE6,0xF6,0x0E
      73   00:82BE  18 0D 01 F8 F9 0A 0D FB E2 F0 FE 12 16 17 F5 F3 
      73   00:82CE  FE 08 F4 F9 F9 F6 FB 12 19 0D FE F7 EF E6 F6 0E 
      74   00:82DE                          db 0x0B,0xF7,0xF1,0x00,0x04,0xF8,0x08,0x0C,0x03,0xFF,0x0C,0xFB,0xF3,0xF7,0x01,0x00,0x03,0x0C,0x0A,0x01,0xF9,0xFE,0xFB,0xFD,0xFE,0x0F,0xFD,0xF8,0xFF,0x07,0xFB,0x05
      74   00:82DE  0B F7 F1 00 04 F8 08 0C 03 FF 0C FB F3 F7 01 00 
      74   00:82EE  03 0C 0A 01 F9 FE FB FD FE 0F FD F8 FF 07 FB 05 
      75   00:82FE                          db 0xFE,0x07,0x02,0xFA,0x03,0x00,0x04,0xFF,0xFE,0x07,0xFB,0x01,0x04,0x00,0xFE,0xFD,0x09,0xFD,0xFE,0x05,0xFE,0x02,0xFE,0x02,0x02,0xF9,0x04,0x04,0xFF,0xFD,0x01,0x05
      75   00:82FE  FE 07 02 FA 03 00 04 FF FE 07 FB 01 04 00 FE FD 
      75   00:830E  09 FD FE 05 FE 02 FE 02 02 F9 04 04 FF FD 01 05 
      76   00:831E                          db 0xFE,0x03,0x01,0xFC,0x02,0xFF,0x05,0x00,0xFA,0x06,0x02,0xFE,0x01,0x02,0x01,0xFE,0x03,0x00,0xFF,0x01,0x00,0x05,0xFD,0xFF,0x04,0xFF,0x00,0x01,0x01,0xFE,0x00,0x04
      76   00:831E  FE 03 01 FC 02 FF 05 00 FA 06 02 FE 01 02 01 FE 
      76   00:832E  03 00 FF 01 00 05 FD FF 04 FF 00 01 01 FE 00 04 
      77   00:833E                          db 0x00,0x00,0xFE,0x02,0x03,0xFD,0x02,0x01,0xFF,0x02,0x01,0x01,0xFD,0x01,0x03,0x00,0x01,0xFE,0x01,0x00,0xFF,0x04,0xFE,0xFF,0x01,0x01,0x02,0xFD,0x02,0x00,0xFF,0x03
      77   00:833E  00 00 FE 02 03 FD 02 01 FF 02 01 01 FD 01 03 00 
      77   00:834E  01 FE 01 00 FF 04 FE FF 01 01 02 FD 02 00 FF 03 
      78   00:835E                      data10:
      79   00:835E                          db 0xDC,0xE2,0xF8,0x0C,0xF2,0xD6,0xE9,0x09,0x13,0x1D,0x20,0x03,0xF0,0x0A,0x24,0x1C,0x0E,0x00,0xE3,0xD6,0xF1,0x07,0xF4,0xDF,0xDF,0xDF,0xEA,0x10,0x23,0x07,0xF4,0x00
      79   00:835E  DC E2 F8 0C F2 D6 E9 09 13 1D 20 03 F0 0A 24 1C 
      79   00:836E  0E 00 E3 D6 F1 07 F4 DF DF DF EA 10 23 07 F4 00 
      80   00:837E                          db 0xAB,0x81,0xAE,0xC1,0xF0,0x4F,0x66,0x51,0x52,0x1A,0xB8,0xA3,0xA0,0x92,0xD8,0x30,0x42,0x5F,0x70,0x2C,0xE7,0xCB,0x93,0x83,0xC4,0xF8,0x20,0x64,0x72,0x3E,0x24,0xEC
      80   00:837E  AB 81 AE C1 F0 4F 66 51 52 1A B8 A3 A0 92 D8 30 
      80   00:838E  42 5F 70 2C E7 CB 93 83 C4 F8 20 64 72 3E 24 EC 
      81   00:839E                          db 0xB1,0x8E,0xBC,0xDD,0x06,0x4D,0x64,0x43,0x32,0x08,0xB8,0xA4,0xB2,0xB3,0xE8,0x37,0x48,0x4D,0x54,0x1A,0xD5,0xC3,0xA8,0x9D,0xD5,0x10,0x29,0x56,0x61,0x2D,0x07,0xE1
      81   00:839E  B1 8E BC DD 06 4D 64 43 32 08 B8 A4 B2 B3 E8 37 
      81   00:83AE  48 4D 54 1A D5 C3 A8 9D D5 10 29 56 61 2D 07 E1 
      82   00:83BE                          db 0xC1,0xA8,0xC2,0xE6,0x09,0x39,0x52,0x3D,0x25,0x04,0xCA,0xB2,0xBB,0xC5,0xEB,0x28,0x41,0x43,0x41,0x1B,0xE2,0xC9,0xB7,0xB0,0xD4,0x08,0x28,0x45,0x4E,0x2D,0x06,0xE3
      82   00:83BE  C1 A8 C2 E6 09 39 52 3D 25 04 CA B2 BB C5 EB 28 
      82   00:83CE  41 43 41 1B E2 C9 B7 B0 D4 08 28 45 4E 2D 06 E3 
      83   00:83DE                          db 0xC9,0xB2,0xC5,0xE9,0x0D,0x31,0x49,0x39,0x20,0x01,0xD3,0xB9,0xC0,0xCE,0xEA,0x20,0x3B,0x3C,0x38,0x1D,0xEA,0xCD,0xC1,0xBA,0xD3,0x04,0x23,0x39,0x45,0x2D,0x08,0xE9
      83   00:83DE  C9 B2 C5 E9 0D 31 49 39 20 01 D3 B9 C0 CE EA 20 
      83   00:83EE  3B 3C 38 1D EA CD C1 BA D3 04 23 39 45 2D 08 E9 
      84   00:83FE                          db 0xD2,0xBD,0xC6,0xE8,0x09,0x27,0x3E,0x35,0x1D,0x05,0xDE,0xC3,0xC4,0xD4,0xEA,0x15,0x34,0x34,0x2D,0x1D,0xF1,0xD2,0xCA,0xC5,0xD6,0x01,0x1F,0x2E,0x39,0x2A,0x07,0xEA
      84   00:83FE  D2 BD C6 E8 09 27 3E 35 1D 05 DE C3 C4 D4 EA 15 
      84   00:840E  34 34 2D 1D F1 D2 CA C5 D6 01 1F 2E 39 2A 07 EA 
      85   00:841E                          db 0xD5,0xC8,0xCE,0xEE,0x10,0x23,0x35,0x2F,0x16,0xFB,0xE1,0xC9,0xCA,0xDE,0xF3,0x15,0x2F,0x30,0x23,0x15,0xF0,0xD3,0xCE,0xD0,0xDE,0x04,0x22,0x2A,0x2F,0x24,0x01,0xE6
      85   00:841E  D5 C8 CE EE 10 23 35 2F 16 FB E1 C9 CA DE F3 15 
      85   00:842E  2F 30 23 15 F0 D3 CE D0 DE 04 22 2A 2F 24 01 E6 
      86   00:843E                          db 0xDA,0xD2,0xD5,0xF0,0x10,0x1F,0x2C,0x29,0x13,0xF9,0xE5,0xD2,0xCF,0xE2,0xF7,0x12,0x29,0x2B,0x1D,0x10,0xF2,0xD8,0xD3,0xDA,0xE4,0x03,0x1F,0x26,0x26,0x1F,0x01,0xE6
      86   00:843E  DA D2 D5 F0 10 1F 2C 29 13 F9 E5 D2 CF E2 F7 12 
      86   00:844E  29 2B 1D 10 F2 D8 D3 DA E4 03 1F 26 26 1F 01 E6 
      87   00:845E                          db 0xDC,0xDA,0xDD,0xF2,0x11,0x1D,0x25,0x24,0x10,0xF4,0xE7,0xD9,0xD6,0xE7,0xFE,0x12,0x23,0x27,0x18,0x0C,0xF5,0xDD,0xD7,0xDF,0xE9,0x03,0x1D,0x22,0x1F,0x1A,0x02,0xE7
      87   00:845E  DC DA DD F2 11 1D 25 24 10 F4 E7 D9 D6 E7 FE 12 
      87   00:846E  23 27 18 0C F5 DD D7 DF E9 03 1D 22 1F 1A 02 E7 
      88   00:847E                          db 0xDF,0xDF,0xE4,0xF5,0x12,0x1C,0x1F,0x1D,0x0E,0xF3,0xE6,0xDE,0xDB,0xEB,0x03,0x12,0x1F,0x22,0x14,0x05,0xF2,0xE1,0xDB,0xE5,0xF0,0x05,0x1B,0x21,0x1A,0x13,0xFF,0xE7
      88   00:847E  DF DF E4 F5 12 1C 1F 1D 0E F3 E6 DE DB EB 03 12 
      88   00:848E  1F 22 14 05 F2 E1 DB E5 F0 05 1B 21 1A 13 FF E7 
      89   00:849E                          db 0xE3,0xE3,0xEA,0xF6,0x0F,0x19,0x1A,0x17,0x0C,0xF4,0xE9,0xE4,0xE2,0xED,0x05,0x10,0x19,0x1C,0x13,0x03,0xF3,0xE6,0xDF,0xE8,0xF3,0x05,0x16,0x1D,0x17,0x0F,0x00,0xEB
      89   00:849E  E3 E3 EA F6 0F 19 1A 17 0C F4 E9 E4 E2 ED 05 10 
      89   00:84AE  19 1C 13 03 F3 E6 DF E8 F3 05 16 1D 17 0F 00 EB 
      90   00:84BE                          db 0xE6,0xE7,0xEE,0xF8,0x0C,0x17,0x16,0x12,0x0A,0xF4,0xEA,0xE7,0xE7,0xEF,0x05,0x10,0x15,0x17,0x11,0x00,0xF2,0xEB,0xE4,0xEB,0xF7,0x06,0x12,0x19,0x14,0x0C,0xFE,0xEE
      90   00:84BE  E6 E7 EE F8 0C 17 16 12 0A F4 EA E7 E7 EF 05 10 
      90   00:84CE  15 17 11 00 F2 EB E4 EB F7 06 12 19 14 0C FE EE 
      91   00:84DE                          db 0xE9,0xE9,0xF1,0xFB,0x0B,0x14,0x13,0x0E,0x07,0xF6,0xEC,0xEA,0xEC,0xF2,0x04,0x0F,0x13,0x13,0x0E,0xFF,0xF2,0xEE,0xE9,0xEC,0xFB,0x08,0x0F,0x16,0x11,0x08,0xFD,0xF0
      91   00:84DE  E9 E9 F1 FB 0B 14 13 0E 07 F6 EC EA EC F2 04 0F 
      91   00:84EE  13 13 0E FF F2 EE E9 EC FB 08 0F 16 11 08 FD F0 
      92   00:84FE                          db 0xEC,0xEC,0xF4,0x00,0x0B,0x12,0x11,0x0B,0x05,0xF7,0xED,0xEC,0xF0,0xF5,0x05,0x0E,0x10,0x0F,0x0C,0xFF,0xF2,0xEF,0xED,0xF0,0xFC,0x09,0x0E,0x12,0x0E,0x06,0xF9,0xF2
      92   00:84FE  EC EC F4 00 0B 12 11 0B 05 F7 ED EC F0 F5 05 0E 
      92   00:850E  10 0F 0C FF F2 EF ED F0 FC 09 0E 12 0E 06 F9 F2 
      93   00:851E                          db 0xEF,0xEE,0xF5,0x02,0x09,0x0F,0x10,0x09,0x04,0xF7,0xF0,0xEF,0xF2,0xF7,0x05,0x0D,0x0E,0x0C,0x09,0xFF,0xF2,0xF0,0xF0,0xF2,0xFC,0x09,0x0C,0x0F,0x0D,0x05,0xF9,0xF3
      93   00:851E  EF EE F5 02 09 0F 10 09 04 F7 F0 EF F2 F7 05 0D 
      93   00:852E  0E 0C 09 FF F2 F0 F0 F2 FC 09 0C 0F 0D 05 F9 F3 
      94   00:853E                          db 0xF1,0xF1,0xF6,0x02,0x08,0x0C,0x0D,0x09,0x00,0xF7,0xF2,0xF0,0xF4,0xF8,0x03,0x0B,0x0D,0x0A,0x08,0xFF,0xF3,0xF2,0xF2,0xF3,0xFC,0x09,0x0A,0x0C,0x0B,0x03,0xF7,0xF4
      94   00:853E  F1 F1 F6 02 08 0C 0D 09 00 F7 F2 F0 F4 F8 03 0B 
      94   00:854E  0D 0A 08 FF F3 F2 F2 F3 FC 09 0A 0C 0B 03 F7 F4 
      95   00:855E                          db 0xF3,0xF3,0xF6,0x03,0x08,0x0B,0x0C,0x07,0xFE,0xF7,0xF3,0xF1,0xF5,0xFC,0x05,0x0A,0x0D,0x08,0x06,0xFC,0xF4,0xF3,0xF4,0xF5,0xFD,0x08,0x0A,0x09,0x09,0x02,0xF7,0xF5
      95   00:855E  F3 F3 F6 03 08 0B 0C 07 FE F7 F3 F1 F5 FC 05 0A 
      95   00:856E  0D 08 06 FC F4 F3 F4 F5 FD 08 0A 09 09 02 F7 F5 
      96   00:857E                          db 0xF3,0xF4,0xF7,0x03,0x08,0x09,0x09,0x06,0xFD,0xF7,0xF5,0xF3,0xF6,0xFC,0x04,0x08,0x0A,0x07,0x04,0xFB,0xF5,0xF3,0xF5,0xF7,0xFF,0x07,0x09,0x09,0x07,0x03,0xF8,0xF5
      96   00:857E  F3 F4 F7 03 08 09 09 06 FD F7 F5 F3 F6 FC 04 08 
      96   00:858E  0A 07 04 FB F5 F3 F5 F7 FF 07 09 09 07 03 F8 F5 
      97   00:859E                          db 0xF7,0xF6,0xFA,0x03,0x07,0x07,0x06,0x06,0xFC,0xF7,0xF6,0xF4,0xF6,0xFF,0x05,0x07,0x0A,0x06,0x04,0xFB,0xF7,0xF4,0xF6,0xF8,0xFF,0x06,0x09,0x07,0x07,0x01,0xF7,0xF6
      97   00:859E  F7 F6 FA 03 07 07 06 06 FC F7 F6 F4 F6 FF 05 07 
      97   00:85AE  0A 06 04 FB F7 F4 F6 F8 FF 06 09 07 07 01 F7 F6 
      98   00:85BE                      data17:
      99   00:85BE                          db 0x15,0xF1,0x08,0x1E,0x15,0xFC,0x06,0x24,0x2C,0x08,0xF1,0x00,0x0E,0x13,0xFD,0xFA,0x1D,0x13,0xFE,0xE3,0xEA,0x0F,0x1A,0x0D,0x01,0x06,0x0F,0x05,0xED,0xF5,0x17,0x27
      99   00:85BE  15 F1 08 1E 15 FC 06 24 2C 08 F1 00 0E 13 FD FA 
      99   00:85CE  1D 13 FE E3 EA 0F 1A 0D 01 06 0F 05 ED F5 17 27 
     100   00:85DE                          db 0x33,0x09,0x19,0x08,0xB2,0xBB,0xB7,0xEE,0x46,0x6F,0x5D,0x41,0xE7,0xAE,0xB5,0xB3,0xFF,0x21,0x1C,0xF7,0xC4,0xAB,0xD0,0xFB,0x4D,0x73,0x61,0x2F,0xDF,0xAB,0xA8,0xC5
     100   00:85DE  33 09 19 08 B2 BB B7 EE 46 6F 5D 41 E7 AE B5 B3 
     100   00:85EE  FF 21 1C F7 C4 AB D0 FB 4D 73 61 2F DF AB A8 C5 
     101   00:85FE                          db 0x30,0xF3,0xAF,0xBF,0xB5,0xE9,0x11,0xF1,0xD7,0xC1,0xAF,0xCD,0x1E,0x3E,0x7F,0x6A,0x3B,0xF9,0xCF,0xAB,0xD4,0xEB,0xF5,0x0E,0xD5,0xB0,0xB8,0xC6,0xF3,0x5D,0x56,0x68
     101   00:85FE  30 F3 AF BF B5 E9 11 F1 D7 C1 AF CD 1E 3E 7F 6A 
     101   00:860E  3B F9 CF AB D4 EB F5 0E D5 B0 B8 C6 F3 5D 56 68 
     102   00:861E                          db 0xBB,0xD3,0x2D,0x43,0x4E,0x4F,0xF4,0xD0,0xCB,0xC2,0xE9,0x1A,0xF9,0xF6,0xD3,0xA5,0xC0,0xDF,0x10,0x4C,0x55,0x2B,0x12,0xCF,0xB9,0xCE,0xE8,0x01,0x1E,0xF0,0xCE,0xC3
     102   00:861E  BB D3 2D 43 4E 4F F4 D0 CB C2 E9 1A F9 F6 D3 A5 
     102   00:862E  C0 DF 10 4C 55 2B 12 CF B9 CE E8 01 1E F0 CE C3 
     103   00:863E                          db 0x0D,0x1F,0x02,0xE7,0xC8,0xB9,0xDF,0x10,0x40,0x59,0x4C,0x19,0xF2,0xC9,0xCC,0xE5,0x09,0x17,0x13,0xE4,0xC9,0xCC,0xD2,0x11,0x3E,0x50,0x4D,0x2A,0xE5,0xD8,0xD1,0xDE
     103   00:863E  0D 1F 02 E7 C8 B9 DF 10 40 59 4C 19 F2 C9 CC E5 
     103   00:864E  09 17 13 E4 C9 CC D2 11 3E 50 4D 2A E5 D8 D1 DE 
     104   00:865E                          db 0x09,0x24,0xE2,0xE1,0xC8,0xE8,0x15,0x0E,0x0E,0xF5,0xBF,0xD2,0xE8,0x0A,0x44,0x51,0x38,0x26,0xE8,0xCA,0xE3,0xE3,0x01,0x20,0xFC,0xDF,0xDA,0xC1,0xEA,0x20,0x32,0x49
     104   00:865E  09 24 E2 E1 C8 E8 15 0E 0E F5 BF D2 E8 0A 44 51 
     104   00:866E  38 26 E8 CA E3 E3 01 20 FC DF DA C1 EA 20 32 49 
     105   00:867E                          db 0xCC,0xF1,0x16,0x29,0x48,0x36,0x13,0xF3,0xD4,0xD0,0xEE,0xF4,0x07,0x08,0xE7,0xD6,0xDC,0xE1,0x0C,0x36,0x37,0x35,0x1F,0xEC,0xD9,0xDA,0xDA,0xFE,0x0B,0xF7,0xEF,0xDD
     105   00:867E  CC F1 16 29 48 36 13 F3 D4 D0 EE F4 07 08 E7 D6 
     105   00:868E  DC E1 0C 36 37 35 1F EC D9 DA DA FE 0B F7 EF DD 
     106   00:869E                          db 0xF7,0xFE,0xFF,0xF9,0xE4,0xDB,0xE5,0xF9,0x1B,0x32,0x2D,0x23,0x07,0xDE,0xD9,0xDB,0xE5,0x02,0x05,0xF3,0xED,0xE0,0xE4,0xFA,0x14,0x2C,0x34,0x21,0x08,0xE6,0xD6,0xDC
     106   00:869E  F7 FE FF F9 E4 DB E5 F9 1B 32 2D 23 07 DE D9 DB 
     106   00:86AE  E5 02 05 F3 ED E0 E4 FA 14 2C 34 21 08 E6 D6 DC 
     107   00:86BE                          db 0x1D,0x18,0xF2,0xDD,0xDE,0xE1,0xEC,0x00,0xF2,0xF0,0xEC,0xE3,0xF2,0x0C,0x1A,0x29,0x24,0x11,0xF8,0xE2,0xDA,0xE4,0xE9,0xF6,0x02,0xF4,0xEF,0xF0,0xED,0x06,0x1F,0x22
     107   00:86BE  1D 18 F2 DD DE E1 EC 00 F2 F0 EC E3 F2 0C 1A 29 
     107   00:86CE  24 11 F8 E2 DA E4 E9 F6 02 F4 EF F0 ED 06 1F 22 
     108   00:86DE                          db 0xEB,0xF0,0xF2,0x13,0x1D,0x21,0x26,0x12,0xF7,0xE9,0xDB,0xDD,0xF1,0xF0,0x00,0xFE,0xED,0xF0,0xFB,0x08,0x19,0x26,0x1C,0x19,0xFF,0xE4,0xE0,0xE2,0xE4,0xFD,0xFF,0xF4
     108   00:86DE  EB F0 F2 13 1D 21 26 12 F7 E9 DB DD F1 F0 00 FE 
     108   00:86EE  ED F0 FB 08 19 26 1C 19 FF E4 E0 E2 E4 FD FF F4 
     109   00:86FE                          db 0xF4,0xDB,0xF6,0xF2,0x02,0x06,0xF1,0xFA,0x0A,0x0A,0x1E,0x22,0x12,0x0B,0xF3,0xDA,0xE1,0xE5,0xE6,0x04,0x04,0xF4,0x08,0xFA,0xFA,0x16,0x15,0x1B,0x20,0x07,0xEF,0xE9
     109   00:86FE  F4 DB F6 F2 02 06 F1 FA 0A 0A 1E 22 12 0B F3 DA 
     109   00:870E  E1 E5 E6 04 04 F4 08 FA FA 16 15 1B 20 07 EF E9 
     110   00:871E                          db 0x1E,0x13,0x00,0xF3,0xDB,0xD5,0xE8,0xEB,0xFA,0x11,0x05,0x03,0x09,0x01,0x0C,0x18,0x15,0x15,0x0B,0xED,0xE2,0xDE,0xDF,0xED,0x02,0x09,0x0E,0x0A,0x03,0x09,0x0D,0x11
     110   00:871E  1E 13 00 F3 DB D5 E8 EB FA 11 05 03 09 01 0C 18 
     110   00:872E  15 15 0B ED E2 DE DF ED 02 09 0E 0A 03 09 0D 11 
     111   00:873E                          db 0x0B,0x0A,0x0C,0x08,0x0D,0x17,0x12,0x0C,0xFE,0xE9,0xDF,0xE5,0xE5,0xF8,0x0A,0x0C,0x0F,0x11,0x06,0x0B,0x0E,0x0D,0x14,0x0D,0xF9,0xEC,0xE4,0xDD,0xEB,0xF0,0x00,0x0F
     111   00:873E  0B 0A 0C 08 0D 17 12 0C FE E9 DF E5 E5 F8 0A 0C 
     111   00:874E  0F 11 06 0B 0E 0D 14 0D F9 EC E4 DD EB F0 00 0F 
     112   00:875E                          db 0xE8,0xEC,0xF1,0x00,0x12,0x0A,0x0D,0x10,0x08,0x0B,0x0D,0x08,0x0C,0x02,0xEB,0xEB,0xE5,0xE8,0xF6,0x05,0x0D,0x13,0x0E,0x0C,0x0E,0x06,0x0D,0x0C,0x06,0x02,0xF2,0xE8
     112   00:875E  E8 EC F1 00 12 0A 0D 10 08 0B 0D 08 0C 02 EB EB 
     112   00:876E  E5 E8 F6 05 0D 13 0E 0C 0E 06 0D 0C 06 02 F2 E8 
     113   00:877E                          db 0x0A,0x05,0x07,0xFB,0xEB,0xEF,0xE9,0xED,0x00,0x0D,0x0E,0x15,0x0E,0x08,0x0C,0x06,0x05,0x0C,0xFF,0xF5,0xF4,0xE6,0xEC,0xF2,0xFA,0x0D,0x15,0x10,0x13,0x0E,0x05,0x0C
     113   00:877E  0A 05 07 FB EB EF E9 ED 00 0D 0E 15 0E 08 0C 06 
     113   00:878E  05 0C FF F5 F4 E6 EC F2 FA 0D 15 10 13 0E 05 0C 
     114   00:879E                          db 0x02,0x05,0x0E,0x0C,0x0E,0x10,0x0C,0x07,0x06,0x01,0xFA,0xF3,0xF5,0xF8,0xF4,0xFA,0xFD,0xFF,0x02,0x07,0x0B,0x0B,0x10,0x0B,0x0B,0x0D,0x08,0xFE,0xF7,0xFE,0xF8,0xF1
     114   00:879E  02 05 0E 0C 0E 10 0C 07 06 01 FA F3 F5 F8 F4 FA 
     114   00:87AE  FD FF 02 07 0B 0B 10 0B 0B 0D 08 FE F7 FE F8 F1 
     115   00:87BE                          db 0xF1,0xF3,0xF2,0xF7,0xFE,0x00,0x01,0x05,0x0C,0x0D,0x0C,0x0D,0x0B,0x07,0x04,0xFD,0xF7,0xF7,0xF5,0xF0,0xF2,0xF7,0xFB,0xFC,0x01,0x06,0x0D,0x0E,0x10,0x0D,0x0C,0x07
     115   00:87BE  F1 F3 F2 F7 FE 00 01 05 0C 0D 0C 0D 0B 07 04 FD 
     115   00:87CE  F7 F7 F5 F0 F2 F7 FB FC 01 06 0D 0E 10 0D 0C 07 
     116   00:87DE                          db 0x05,0xF8,0xF8,0xF2,0xEB,0xEE,0xEF,0xF9,0x0C,0x12,0x15,0x19,0x11,0x0E,0x0A,0x07,0x04,0xF9,0xF2,0xF0,0xEC,0xEC,0xF1,0xFC,0x0C,0x11,0x16,0x15,0x12,0x0E,0x0A,0x07
     116   00:87DE  05 F8 F8 F2 EB EE EF F9 0C 12 15 19 11 0E 0A 07 
     116   00:87EE  04 F9 F2 F0 EC EC F1 FC 0C 11 16 15 12 0E 0A 07 
     117   00:87FE                          db 0x0E,0x11,0x0E,0x09,0x09,0x07,0xFB,0xF4,0xEF,0xEA,0xEC,0xF0,0xF8,0x08,0x0E,0x12,0x11,0x10,0x0C,0x08,0x06,0x04,0xF9,0xF5,0xF1,0xEB,0xED,0xF0,0xF8,0x08,0x0F,0x12
     117   00:87FE  0E 11 0E 09 09 07 FB F4 EF EA EC F0 F8 08 0E 12 
     117   00:880E  11 10 0C 08 06 04 F9 F5 F1 EB ED F0 F8 08 0F 12 
     118   00:881E                          db 0xF4,0xF4,0x01,0x0D,0x11,0x13,0x15,0x0F,0x0A,0x0B,0x04,0x00,0xF8,0xF3,0xF1,0xF2,0xEF,0x00,0x07,0x09,0x12,0x11,0x0F,0x10,0x0D,0x06,0x0A,0x02,0xF3,0xF7,0xEF,0xF1
     118   00:881E  F4 F4 01 0D 11 13 15 0F 0A 0B 04 00 F8 F3 F1 F2 
     118   00:882E  EF 00 07 09 12 11 0F 10 0D 06 0A 02 F3 F7 EF F1 
     119   00:883E                          db 0x00,0xFA,0xF3,0xF1,0xEE,0xF3,0xF6,0x00,0x0B,0x0C,0x0D,0x0D,0x0A,0x08,0x0B,0x08,0x06,0xF8,0xF6,0xF2,0xF4,0xF2,0xFA,0x06,0x07,0x0E,0x0E,0x0A,0x0D,0x09,0x08,0x09
     119   00:883E  00 FA F3 F1 EE F3 F6 00 0B 0C 0D 0D 0A 08 0B 08 
     119   00:884E  06 F8 F6 F2 F4 F2 FA 06 07 0E 0E 0A 0D 09 08 09 
     120   00:885E                          db 0x08,0x0A,0x08,0x09,0x07,0x05,0xFB,0xF5,0xF1,0xF1,0xF4,0xF5,0xFD,0x05,0x06,0x09,0x09,0x0B,0x09,0x09,0x06,0x07,0xFC,0xF4,0xF3,0xF2,0xF2,0xF9,0x05,0x05,0x0A,0x09
     120   00:885E  08 0A 08 09 07 05 FB F5 F1 F1 F4 F5 FD 05 06 09 
     120   00:886E  09 0B 09 09 06 07 FC F4 F3 F2 F2 F9 05 05 0A 09 
     121   00:887E                          db 0xFF,0xFC,0x00,0x08,0x0A,0x08,0x08,0x09,0x08,0x08,0x08,0xFC,0xF7,0xF6,0xF2,0xF3,0xF4,0xF5,0x03,0x05,0x07,0x0A,0x0A,0x08,0x0A,0x08,0x06,0x03,0xF6,0xF5,0xF4,0xF3
     121   00:887E  FF FC 00 08 0A 08 08 09 08 08 08 FC F7 F6 F2 F3 
     121   00:888E  F4 F5 03 05 07 0A 0A 08 0A 08 06 03 F6 F5 F4 F3 
     122   00:889E                          db 0x06,0xFF,0xF4,0xF6,0xF3,0xF7,0x00,0xFB,0x07,0x07,0x05,0x09,0x0B,0x07,0x0C,0x09,0x06,0x03,0xF5,0xF4,0xF6,0xF5,0xF9,0x05,0x05,0x06,0x07,0x05,0x08,0x09,0x09,0x08
     122   00:889E  06 FF F4 F6 F3 F7 00 FB 07 07 05 09 0B 07 0C 09 
     122   00:88AE  06 03 F5 F4 F6 F5 F9 05 05 06 07 05 08 09 09 08 
     123   00:88BE                          db 0x07,0x09,0x08,0x09,0x07,0xFF,0xF6,0xF7,0xF3,0xF5,0xF8,0xF7,0x02,0x05,0x02,0x02,0x09,0x07,0x09,0x08,0x05,0x02,0xF7,0xF4,0xF4,0xF7,0xF6,0x00,0x05,0x04,0x04,0x04
     123   00:88BE  07 09 08 09 07 FF F6 F7 F3 F5 F8 F7 02 05 02 02 
     123   00:88CE  09 07 09 08 05 02 F7 F4 F4 F7 F6 00 05 04 04 04 
     124   00:88DE                          db 0x00,0x05,0x04,0x05,0x04,0x06,0x07,0x07,0x06,0xF7,0xF8,0xF1,0xF9,0xFF,0xFC,0x06,0x03,0x05,0x03,0x06,0x08,0x04,0x03,0xF4,0xF6,0xF7,0xFA,0x06,0x03,0x07,0xFF,0x01
     124   00:88DE  00 05 04 05 04 06 07 07 06 F7 F8 F1 F9 FF FC 06 
     124   00:88EE  03 05 03 06 08 04 03 F4 F6 F7 FA 06 03 07 FF 01 
     125   00:88FE                          db 0x05,0x01,0xFC,0xFA,0xF6,0xFC,0xFE,0x02,0x05,0x05,0x05,0x00,0xFD,0xF7,0xF9,0xFC,0xFC,0x00,0x06,0x07,0x05,0x05,0x01,0xFA,0xFD,0xFB,0xFD,0xFE,0xFF,0x02,0x06,0x04
     125   00:88FE  05 01 FC FA F6 FC FE 02 05 05 05 00 FD F7 F9 FC 
     125   00:890E  FC 00 06 07 05 05 01 FA FD FB FD FE FF 02 06 04 
     126   00:891E                          db 0x00,0x05,0x04,0x04,0x05,0xFF,0xF6,0xF9,0xF5,0xF7,0xF7,0x01,0x05,0x04,0x05,0x04,0x05,0x04,0x05,0x04,0x05,0x02,0xF8,0xF5,0xF6,0xF7,0xF9,0x05,0x04,0x04,0x04,0x04
     126   00:891E  00 05 04 04 05 FF F6 F9 F5 F7 F7 01 05 04 05 04 
     126   00:892E  05 04 05 04 05 02 F8 F5 F6 F7 F9 05 04 04 04 04 
     127   00:893E                          db 0x02,0x05,0x04,0x05,0x04,0x04,0x04,0x05,0x04,0x05,0x02,0xFA,0xF8,0xF7,0xF8,0xF6,0xFD,0x05,0x04,0x05,0x04,0x04,0x04,0x04,0x05,0x04,0x05,0xFB,0xF6,0xF8,0xF7,0xF7
     127   00:893E  02 05 04 05 04 04 04 05 04 05 02 FA F8 F7 F8 F6 
     127   00:894E  FD 05 04 05 04 04 04 04 05 04 05 FB F6 F8 F7 F7 
     128   00:895E                      data19:
     129   00:895E                          db 0x4C,0x6E,0x6F,0x67,0x4F,0x16,0xD3,0xA5,0x81,0x84,0x82,0x83,0x82,0x83,0x83,0x82,0x85,0x93,0xBB,0xEE,0x1B,0x46,0x68,0x7C,0x7D,0x7D,0x7D,0x7E,0x7D,0x7D,0x74,0x6E
     129   00:895E  4C 6E 6F 67 4F 16 D3 A5 81 84 82 83 82 83 83 82 
     129   00:896E  85 93 BB EE 1B 46 68 7C 7D 7D 7D 7E 7D 7D 74 6E 
     130   00:897E                          db 0x8E,0x85,0x83,0x82,0x83,0x83,0x82,0x8E,0xA3,0xBE,0xD7,0xF4,0x17,0x36,0x59,0x74,0x78,0x7C,0x7E,0x7D,0x7D,0x7D,0x76,0x60,0x3F,0x23,0x07,0xF2,0xDD,0xC5,0xAA,0x9C
     130   00:897E  8E 85 83 82 83 83 82 8E A3 BE D7 F4 17 36 59 74 
     130   00:898E  78 7C 7E 7D 7D 7D 76 60 3F 23 07 F2 DD C5 AA 9C 
     131   00:899E                          db 0xA8,0xB6,0xD4,0xE6,0xFF,0x1A,0x38,0x54,0x64,0x6E,0x6E,0x68,0x60,0x5A,0x56,0x4E,0x44,0x2D,0x1B,0x14,0x05,0xF0,0xE2,0xD1,0xC0,0xAE,0xA8,0xA8,0xA4,0x9D,0x92,0x8E
     131   00:899E  A8 B6 D4 E6 FF 1A 38 54 64 6E 6E 68 60 5A 56 4E 
     131   00:89AE  44 2D 1B 14 05 F0 E2 D1 C0 AE A8 A8 A4 9D 92 8E 
     132   00:89BE                          db 0x2E,0x36,0x4A,0x53,0x61,0x67,0x68,0x66,0x5F,0x54,0x44,0x35,0x2A,0x22,0x17,0x06,0xF2,0xE2,0xDB,0xCA,0xB2,0xA3,0x99,0x95,0x98,0x9A,0x9C,0xA6,0xBA,0xD3,0xE6,0x00
     132   00:89BE  2E 36 4A 53 61 67 68 66 5F 54 44 35 2A 22 17 06 
     132   00:89CE  F2 E2 DB CA B2 A3 99 95 98 9A 9C A6 BA D3 E6 00 
     133   00:89DE                          db 0x08,0x11,0x19,0x1E,0x16,0xFE,0xE7,0xD7,0xD6,0xD9,0xE2,0xEC,0xF2,0x01,0x0D,0x0E,0x0D,0x0A,0x06,0xFD,0x08,0x13,0x18,0x1B,0x21,0x1F,0x15,0x01,0xEC,0xDD,0xDC,0xD8
     133   00:89DE  08 11 19 1E 16 FE E7 D7 D6 D9 E2 EC F2 01 0D 0E 
     133   00:89EE  0D 0A 06 FD 08 13 18 1B 21 1F 15 01 EC DD DC D8 
     134   00:89FE                          db 0x00,0xED,0xDD,0xCF,0xCF,0xD8,0xE9,0xFC,0x00,0x0E,0x0D,0x0C,0x0F,0x12,0x1E,0x15,0x0E,0x14,0x12,0x0F,0x06,0x02,0xFD,0xEE,0xE3,0xDC,0xDC,0xE0,0xE3,0xF9,0x07,0x10
     134   00:89FE  00 ED DD CF CF D8 E9 FC 00 0E 0D 0C 0F 12 1E 15 
     134   00:8A0E  0E 14 12 0F 06 02 FD EE E3 DC DC E0 E3 F9 07 10 
     135   00:8A1E                          db 0x21,0x2C,0x1A,0x0D,0xFF,0xF0,0xE2,0xD6,0xCF,0xC8,0xC2,0xC2,0xBF,0xBC,0xC1,0xC6,0xCD,0xD7,0xE6,0xFD,0x14,0x25,0x32,0x39,0x43,0x49,0x49,0x47,0x3E,0x38,0x2A,0x23
     135   00:8A1E  21 2C 1A 0D FF F0 E2 D6 CF C8 C2 C2 BF BC C1 C6 
     135   00:8A2E  CD D7 E6 FD 14 25 32 39 43 49 49 47 3E 38 2A 23 
     136   00:8A3E                          db 0x08,0xE0,0xD6,0xD5,0xDB,0xE9,0xE9,0xEC,0xEE,0xF9,0x1C,0x30,0x30,0x28,0x25,0x0C,0xF2,0xF0,0xEA,0xF9,0x02,0xF0,0xE7,0xE4,0xEA,0xFC,0x13,0x1A,0x1D,0x16,0x0E,0x0E
     136   00:8A3E  08 E0 D6 D5 DB E9 E9 EC EE F9 1C 30 30 28 25 0C 
     136   00:8A4E  F2 F0 EA F9 02 F0 E7 E4 EA FC 13 1A 1D 16 0E 0E 
     137   00:8A5E                          db 0x16,0x12,0x0F,0x09,0x05,0x03,0xFD,0xF7,0xF1,0xEB,0xE9,0xE8,0xEB,0xEE,0xEF,0xF2,0xF4,0xF4,0xF7,0xFD,0xFF,0x03,0x05,0x09,0x0B,0x0A,0x0B,0x0C,0x0F,0x11,0x15,0x14
     137   00:8A5E  16 12 0F 09 05 03 FD F7 F1 EB E9 E8 EB EE EF F2 
     137   00:8A6E  F4 F4 F7 FD FF 03 05 09 0B 0A 0B 0C 0F 11 15 14 
     138   00:8A7E                          db 0x09,0x0A,0x08,0x08,0x0A,0x0D,0x10,0x10,0x10,0x0F,0x0D,0x0B,0x07,0x05,0x07,0x06,0x01,0xFD,0xFB,0xF7,0xF5,0xF3,0xF3,0xF4,0xF4,0xF3,0xF3,0xF4,0xFA,0xFF,0xFF,0x00
     138   00:8A7E  09 0A 08 08 0A 0D 10 10 10 0F 0D 0B 07 05 07 06 
     138   00:8A8E  01 FD FB F7 F5 F3 F3 F4 F4 F3 F3 F4 FA FF FF 00 
     139   00:8A9E                          db 0xF7,0xF7,0xF8,0xFB,0xFE,0x02,0x08,0x0D,0x0E,0x0C,0x0C,0x0E,0x10,0x12,0x10,0x0E,0x0D,0x0B,0x08,0x06,0x05,0x03,0x00,0xFD,0xFC,0xFA,0xF9,0xF6,0xF4,0xF3,0xF1,0xEF
     139   00:8A9E  F7 F7 F8 FB FE 02 08 0D 0E 0C 0C 0E 10 12 10 0E 
     139   00:8AAE  0D 0B 08 06 05 03 00 FD FC FA F9 F6 F4 F3 F1 EF 
     140   00:8ABE                          db 0x0E,0x0F,0x10,0x0E,0x0C,0x0B,0x0B,0x08,0x06,0x05,0x03,0xFE,0xFB,0xF9,0xF8,0xF8,0xF7,0xF4,0xF3,0xF3,0xF4,0xF6,0xF7,0xFB,0xFE,0xFE,0xFE,0xFF,0x01,0x03,0x05,0x0A
     140   00:8ABE  0E 0F 10 0E 0C 0B 0B 08 06 05 03 FE FB F9 F8 F8 
     140   00:8ACE  F7 F4 F3 F3 F4 F6 F7 FB FE FE FE FF 01 03 05 0A 
     141   00:8ADE                          db 0xFC,0xFC,0xFB,0xF9,0xF7,0xF8,0xFC,0x03,0x08,0x07,0x08,0x04,0x02,0xFE,0xFE,0x01,0x04,0x02,0x01,0x03,0x04,0x02,0xFF,0xFE,0x00,0xFE,0xFE,0x00,0x02,0x05,0x04,0x04
     141   00:8ADE  FC FC FB F9 F7 F8 FC 03 08 07 08 04 02 FE FE 01 
     141   00:8AEE  04 02 01 03 04 02 FF FE 00 FE FE 00 02 05 04 04 
     142   00:8AFE                          db 0x07,0x05,0x05,0x04,0x03,0x02,0x00,0xFE,0xFE,0xFD,0xFC,0xFB,0xFB,0xFB,0xFA,0xFA,0xFA,0xFB,0xFB,0xFC,0xFD,0xFF,0xFF,0xFF,0xFF,0xFE,0xFE,0x00,0x03,0x04,0x05,0x06
     142   00:8AFE  07 05 05 04 03 02 00 FE FE FD FC FB FB FB FA FA 
     142   00:8B0E  FA FB FB FC FD FF FF FF FF FE FE 00 03 04 05 06 
     143   00:8B1E                          db 0x01,0xFF,0xFF,0xFD,0xFD,0xFC,0xFC,0xFC,0xFC,0xFD,0xFD,0xFE,0xFF,0xFF,0x00,0x00,0x00,0x01,0x01,0x00,0x00,0x01,0x02,0x04,0x04,0x04,0x04,0x04,0x03,0x03,0x03,0x03
     143   00:8B1E  01 FF FF FD FD FC FC FC FC FD FD FE FF FF 00 00 
     143   00:8B2E  00 01 01 00 00 01 02 04 04 04 04 04 03 03 03 03 
     144   00:8B3E                          db 0x04,0x02,0xFE,0xFB,0xF9,0xF6,0xF5,0xF3,0xF1,0xF2,0xF4,0xF5,0xF6,0xF9,0xFB,0xFE,0x01,0x04,0x05,0x08,0x0A,0x0C,0x0E,0x10,0x0F,0x0D,0x0C,0x09,0x05,0x02,0xFF,0xFD
     144   00:8B3E  04 02 FE FB F9 F6 F5 F3 F1 F2 F4 F5 F6 F9 FB FE 
     144   00:8B4E  01 04 05 08 0A 0C 0E 10 0F 0D 0C 09 05 02 FF FD 
     145   00:8B5E                          db 0x04,0xFC,0xFB,0xFB,0xFB,0xFD,0xFB,0x00,0x07,0x09,0x09,0x02,0xFC,0xFC,0x01,0xFC,0xFA,0xFC,0x04,0x0C,0x0C,0x08,0x00,0xF8,0xF7,0xFA,0xFC,0xFB,0x05,0x0B,0x0E,0x0B
     145   00:8B5E  04 FC FB FB FB FD FB 00 07 09 09 02 FC FC 01 FC 
     145   00:8B6E  FA FC 04 0C 0C 08 00 F8 F7 FA FC FB 05 0B 0E 0B 
     146   00:8B7E                          db 0xFD,0xFA,0xF6,0xF5,0xF9,0xFB,0x03,0x0B,0x12,0x0F,0x04,0xF7,0xF4,0xF7,0xF8,0xFC,0x05,0x0B,0x0E,0x09,0x01,0xF9,0xF6,0xF7,0xFE,0x03,0x06,0x0B,0x0A,0x03,0xFC,0xF9
     146   00:8B7E  FD FA F6 F5 F9 FB 03 0B 12 0F 04 F7 F4 F7 F8 FC 
     146   00:8B8E  05 0B 0E 09 01 F9 F6 F7 FE 03 06 0B 0A 03 FC F9 
     147   00:8B9E                          db 0xF9,0xF8,0x00,0x05,0x06,0x09,0x08,0x06,0xFD,0xF9,0xF9,0xFA,0xFE,0x04,0x05,0x05,0x07,0x05,0x01,0xFD,0xFB,0xFC,0xFE,0xFF,0x01,0x02,0x06,0x08,0x07,0x02,0xFF,0xFB
     147   00:8B9E  F9 F8 00 05 06 09 08 06 FD F9 F9 FA FE 04 05 05 
     147   00:8BAE  07 05 01 FD FB FC FE FF 01 02 06 08 07 02 FF FB 
     148   00:8BBE                          db 0xFB,0xFB,0xFE,0x04,0x07,0x08,0x08,0x07,0xFF,0xFA,0xF8,0xF8,0xFC,0x04,0x07,0x0A,0x09,0x07,0xFF,0xF9,0xF6,0xFA,0xFF,0x03,0x07,0x09,0x08,0x05,0xFE,0xFA,0xF7,0xFA
     148   00:8BBE  FB FB FE 04 07 08 08 07 FF FA F8 F8 FC 04 07 0A 
     148   00:8BCE  09 07 FF F9 F6 FA FF 03 07 09 08 05 FE FA F7 FA 
     149   00:8BDE                          db 0xFE,0x06,0x06,0x08,0x07,0x03,0xFE,0xFC,0xFB,0xFC,0x00,0x05,0x05,0x05,0x04,0x03,0x00,0xFD,0xFF,0x02,0x02,0x03,0xFE,0xFE,0xFD,0x01,0x06,0x07,0x06,0x03,0xFD,0xF9
     149   00:8BDE  FE 06 06 08 07 03 FE FC FB FC 00 05 05 05 04 03 
     149   00:8BEE  00 FD FF 02 02 03 FE FE FD 01 06 07 06 03 FD F9 
     150   00:8BFE                          db 0xFB,0xFA,0x01,0x07,0x08,0x08,0x05,0xFF,0xFA,0xF9,0xFB,0xFD,0x02,0x06,0x08,0x08,0x03,0xFE,0xFC,0xFA,0xFC,0xFF,0x02,0x05,0x07,0x08,0x05,0xFF,0xFD,0xFC,0xF9,0xFC
     150   00:8BFE  FB FA 01 07 08 08 05 FF FA F9 FB FD 02 06 08 08 
     150   00:8C0E  03 FE FC FA FC FF 02 05 07 08 05 FF FD FC F9 FC 
     151   00:8C1E                          db 0x01,0x03,0x06,0x07,0x07,0x05,0x02,0xFD,0xFA,0xF9,0xFA,0xFF,0x04,0x08,0x0A,0x0A,0x03,0xFC,0xF9,0xF7,0xF9,0xFD,0x06,0x09,0x0A,0x09,0x06,0xFF,0xF8,0xF5,0xF6,0xFE
     151   00:8C1E  01 03 06 07 07 05 02 FD FA F9 FA FF 04 08 0A 0A 
     151   00:8C2E  03 FC F9 F7 F9 FD 06 09 0A 09 06 FF F8 F5 F6 FE 
     152   00:8C3E                          db 0x07,0x0C,0x0B,0x07,0x03,0xFC,0xF7,0xF5,0xF9,0x02,0x08,0x0B,0x09,0x05,0x00,0xFB,0xF8,0xF7,0xFA,0x03,0x09,0x09,0x08,0x05,0xFF,0xFC,0xFA,0xFB,0xFD,0x01,0x04,0x04
     152   00:8C3E  07 0C 0B 07 03 FC F7 F5 F9 02 08 0B 09 05 00 FB 
     152   00:8C4E  F8 F7 FA 03 09 09 08 05 FF FC FA FB FD 01 04 04 
     153   00:8C5E                          db 0x06,0x04,0x01,0xFD,0xFF,0xFF,0xFE,0xFF,0x00,0x02,0x03,0x03,0x02,0x03,0x03,0x03,0xFF,0xFB,0xFC,0xFE,0x01,0x04,0x05,0x05,0x04,0x02,0xFF,0xFB,0xFB,0xFC,0x02,0x06
     153   00:8C5E  06 04 01 FD FF FF FE FF 00 02 03 03 02 03 03 03 
     153   00:8C6E  FF FB FC FE 01 04 05 05 04 02 FF FB FB FC 02 06 
     154   00:8C7E                          db 0x05,0x06,0x04,0x02,0xFC,0xFA,0xFA,0xFD,0x04,0x05,0x05,0x05,0x04,0x02,0xFE,0xFB,0xFB,0xFD,0x02,0x06,0x06,0x06,0x03,0x00,0xFD,0xFC,0xFC,0xFE,0x02,0x04,0x03,0x03
     154   00:8C7E  05 06 04 02 FC FA FA FD 04 05 05 05 04 02 FE FB 
     154   00:8C8E  FB FD 02 06 06 06 03 00 FD FC FC FE 02 04 03 03 
     155   00:8C9E                      data28:
     156   00:8C9E                          db 0x27,0x16,0x1A,0xF3,0x46,0x21,0x00,0x08,0x72,0x7C,0x7F,0x2A,0x04,0x24,0xBB,0xC0,0x04,0xEC,0xE5,0x6A,0x55,0x28,0xF7,0xEF,0x43,0x3A,0xA6,0xC8,0x01,0xFF,0xA1,0xD7
     156   00:8C9E  27 16 1A F3 46 21 00 08 72 7C 7F 2A 04 24 BB C0 
     156   00:8CAE  04 EC E5 6A 55 28 F7 EF 43 3A A6 C8 01 FF A1 D7 
     157   00:8CBE                          db 0xC1,0xC3,0x13,0xB4,0xF3,0x3B,0x62,0x3D,0x11,0xAA,0x8D,0xDE,0xF9,0xBF,0x19,0x34,0xDB,0xD3,0xD4,0xB3,0x3B,0x13,0x2A,0x1C,0x39,0xD4,0xC7,0xE9,0xFF,0xF4,0xEE,0xB0
     157   00:8CBE  C1 C3 13 B4 F3 3B 62 3D 11 AA 8D DE F9 BF 19 34 
     157   00:8CCE  DB D3 D4 B3 3B 13 2A 1C 39 D4 C7 E9 FF F4 EE B0 
     158   00:8CDE                          db 0x3B,0xD6,0x4E,0x26,0x0E,0x3F,0xF0,0x10,0xD5,0xE3,0x4B,0xE6,0xE9,0x14,0xEA,0xFD,0xF3,0xE0,0xE8,0xAC,0x34,0xDC,0x06,0xD6,0xFE,0x17,0x03,0x38,0x0F,0xEC,0x3B,0xE3
     158   00:8CDE  3B D6 4E 26 0E 3F F0 10 D5 E3 4B E6 E9 14 EA FD 
     158   00:8CEE  F3 E0 E8 AC 34 DC 06 D6 FE 17 03 38 0F EC 3B E3 
     159   00:8CFE                          db 0xEE,0xF7,0x05,0xBE,0x0F,0xDD,0xD3,0xFB,0xEB,0x16,0x22,0x0C,0x31,0xE9,0x57,0xE2,0x13,0x23,0x19,0xF1,0x09,0xE3,0xF1,0xE2,0xD5,0xD3,0x1B,0xD4,0xC9,0xE3,0xCE,0x08
     159   00:8CFE  EE F7 05 BE 0F DD D3 FB EB 16 22 0C 31 E9 57 E2 
     159   00:8D0E  13 23 19 F1 09 E3 F1 E2 D5 D3 1B D4 C9 E3 CE 08 
     160   00:8D1E                          db 0x1E,0xD2,0xE9,0xF7,0xEC,0x09,0x00,0x1E,0x0C,0x39,0x1C,0xED,0x0C,0xFA,0xE8,0x07,0xCB,0xF4,0xE3,0xED,0xFE,0x08,0x0A,0xF5,0xFB,0xFF,0xE6,0xE4,0xD0,0xF9,0xF1,0xF7
     160   00:8D1E  1E D2 E9 F7 EC 09 00 1E 0C 39 1C ED 0C FA E8 07 
     160   00:8D2E  CB F4 E3 ED FE 08 0A F5 FB FF E6 E4 D0 F9 F1 F7 
     161   00:8D3E                          db 0xE1,0xF2,0xDA,0xD7,0xF9,0xD8,0xF4,0x04,0xDF,0xD3,0xF1,0xF0,0xF2,0x02,0x00,0xF5,0x0A,0x1F,0x1F,0x36,0x09,0xED,0x06,0x0A,0x00,0x02,0xE4,0xE5,0xFD,0xFF,0xD5,0xF1
     161   00:8D3E  E1 F2 DA D7 F9 D8 F4 04 DF D3 F1 F0 F2 02 00 F5 
     161   00:8D4E  0A 1F 1F 36 09 ED 06 0A 00 02 E4 E5 FD FF D5 F1 
     162   00:8D5E                          db 0x08,0xE5,0xFE,0xE0,0xF9,0xFE,0xEC,0x02,0x04,0xE7,0xF4,0xE1,0xF7,0x0D,0xE9,0x02,0xE5,0xEF,0x03,0xE6,0xE2,0xED,0x16,0xFB,0xFA,0xF9,0xEE,0xFB,0x04,0xFE,0xDC,0xF8
     162   00:8D5E  08 E5 FE E0 F9 FE EC 02 04 E7 F4 E1 F7 0D E9 02 
     162   00:8D6E  E5 EF 03 E6 E2 ED 16 FB FA F9 EE FB 04 FE DC F8 
     163   00:8D7E                          db 0xF5,0xDD,0xDE,0xE2,0xE4,0xF5,0xD8,0x00,0xEE,0xD9,0xED,0x16,0x05,0x02,0x15,0xF7,0xF2,0x0A,0x07,0xFC,0xE8,0xC7,0xE3,0xD4,0xCD,0xD0,0xF3,0xF1,0xEA,0xF0,0xF5,0xF5
     163   00:8D7E  F5 DD DE E2 E4 F5 D8 00 EE D9 ED 16 05 02 15 F7 
     163   00:8D8E  F2 0A 07 FC E8 C7 E3 D4 CD D0 F3 F1 EA F0 F5 F5 
     164   00:8D9E                          db 0xE8,0xE1,0xDF,0xD8,0xE9,0xEC,0xDB,0xED,0xDD,0xF9,0xF7,0xE8,0xEC,0xED,0xE9,0xF1,0xEE,0xF5,0xE9,0xFA,0x01,0xFA,0xFA,0xFE,0x11,0xF0,0xFC,0xE8,0xD6,0xF9,0xDF,0xEB
     164   00:8D9E  E8 E1 DF D8 E9 EC DB ED DD F9 F7 E8 EC ED E9 F1 
     164   00:8DAE  EE F5 E9 FA 01 FA FA FE 11 F0 FC E8 D6 F9 DF EB 
     165   00:8DBE                          db 0xF8,0xF7,0xF4,0xF8,0xDC,0xEC,0xEC,0xEC,0xF2,0xFA,0xEA,0xD2,0xE6,0xF0,0xEA,0xED,0xF1,0xE9,0xFE,0xF6,0xE9,0xF5,0xEB,0xE3,0xE4,0xEC,0xF2,0xE3,0xE7,0xEA,0xDB,0xEF
     165   00:8DBE  F8 F7 F4 F8 DC EC EC EC F2 FA EA D2 E6 F0 EA ED 
     165   00:8DCE  F1 E9 FE F6 E9 F5 EB E3 E4 EC F2 E3 E7 EA DB EF 
     166   00:8DDE                          db 0xE6,0xE6,0xE1,0xE1,0xE2,0xDC,0xE8,0xF0,0xEA,0xE7,0xE7,0xE3,0xE1,0xEC,0xEE,0xEE,0xEF,0xF8,0xF1,0xE4,0xE4,0xE8,0xF0,0xF6,0xEF,0xEE,0xE4,0xEB,0xE8,0xEC,0xF0,0xE3
     166   00:8DDE  E6 E6 E1 E1 E2 DC E8 F0 EA E7 E7 E3 E1 EC EE EE 
     166   00:8DEE  EF F8 F1 E4 E4 E8 F0 F6 EF EE E4 EB E8 EC F0 E3 
     167   00:8DFE                          db 0xF1,0xE8,0xEF,0xE8,0xE7,0xEC,0xE2,0xE6,0xE4,0xF2,0xED,0xED,0xF3,0xEA,0xE9,0xF1,0xE4,0xEA,0xE7,0xE8,0xE6,0xE4,0xF2,0xE6,0xF3,0xEF,0xF3,0xFA,0xE7,0xF4,0xF1,0xEF
     167   00:8DFE  F1 E8 EF E8 E7 EC E2 E6 E4 F2 ED ED F3 EA E9 F1 
     167   00:8E0E  E4 EA E7 E8 E6 E4 F2 E6 F3 EF F3 FA E7 F4 F1 EF 
     168   00:8E1E                      data32:
     169   00:8E1E                          db 0xE7,0x0A,0xAD,0x2F,0x19,0xAC,0xEC,0xD3,0xC1,0xF7,0x11,0x4A,0x10,0x3D,0x27,0x2F,0x44,0x25,0xA7,0x10,0xD5,0xB9,0xF4,0xCB,0xAF,0xB9,0x17,0x28,0x28,0x35,0x16,0x16
     169   00:8E1E  E7 0A AD 2F 19 AC EC D3 C1 F7 11 4A 10 3D 27 2F 
     169   00:8E2E  44 25 A7 10 D5 B9 F4 CB AF B9 17 28 28 35 16 16 
     170   00:8E3E                          db 0x2A,0xE8,0xB4,0xAD,0xBA,0x2F,0xEF,0x0E,0xFC,0xEB,0xF2,0xF9,0xCD,0x1F,0x14,0x33,0x1C,0xF6,0x17,0x10,0x34,0x61,0x03,0xD4,0xDB,0xAB,0xEB,0xF2,0x0B,0x28,0xFC,0x11
     170   00:8E3E  2A E8 B4 AD BA 2F EF 0E FC EB F2 F9 CD 1F 14 33 
     170   00:8E4E  1C F6 17 10 34 61 03 D4 DB AB EB F2 0B 28 FC 11 
     171   00:8E5E                          db 0xC1,0xB7,0xDD,0x63,0x52,0x56,0x42,0x52,0xDA,0xD7,0xCF,0x09,0x13,0xC5,0xEB,0xD5,0x17,0x01,0x05,0xF9,0x07,0x09,0x13,0x2E,0x23,0x1B,0xC3,0x05,0xFA,0xE0,0xDA,0xBE
     171   00:8E5E  C1 B7 DD 63 52 56 42 52 DA D7 CF 09 13 C5 EB D5 
     171   00:8E6E  17 01 05 F9 07 09 13 2E 23 1B C3 05 FA E0 DA BE 
     172   00:8E7E                          db 0x3D,0x08,0x4B,0x25,0xE6,0x92,0xBB,0xE8,0xCD,0xE4,0x32,0x14,0x3F,0x64,0x36,0x13,0xE0,0xD4,0x25,0xDE,0x20,0xEC,0xD8,0xB8,0xB3,0xC0,0x13,0xF7,0x34,0x38,0x21,0x44
     172   00:8E7E  3D 08 4B 25 E6 92 BB E8 CD E4 32 14 3F 64 36 13 
     172   00:8E8E  E0 D4 25 DE 20 EC D8 B8 B3 C0 13 F7 34 38 21 44 
     173   00:8E9E                          db 0x2D,0xF8,0xD1,0x47,0x2A,0x01,0x2C,0xDA,0xC2,0x3F,0x09,0xEB,0xB5,0xCA,0x02,0xAF,0x2A,0x51,0x32,0x1D,0x1B,0xC6,0x08,0xC6,0x05,0x4E,0x0C,0x39,0xED,0xDB,0xFE,0xD5
     173   00:8E9E  2D F8 D1 47 2A 01 2C DA C2 3F 09 EB B5 CA 02 AF 
     173   00:8EAE  2A 51 32 1D 1B C6 08 C6 05 4E 0C 39 ED DB FE D5 
     174   00:8EBE                          db 0x15,0xFA,0xEF,0xE7,0xAF,0xD6,0xE9,0x13,0x00,0xFC,0x5D,0x19,0x0D,0x5F,0xE6,0xF5,0x09,0xC2,0xAA,0xA8,0xEB,0xFF,0xF6,0x47,0x66,0x0F,0x46,0x27,0x06,0xE3,0x81,0xD8
     174   00:8EBE  15 FA EF E7 AF D6 E9 13 00 FC 5D 19 0D 5F E6 F5 
     174   00:8ECE  09 C2 AA A8 EB FF F6 47 66 0F 46 27 06 E3 81 D8 
     175   00:8EDE                          db 0xFE,0x15,0x01,0x33,0xFC,0xBE,0x1A,0x2F,0xEB,0x0B,0xFB,0xEC,0xC6,0xCA,0xC5,0xC6,0x18,0x47,0x2E,0x45,0x5C,0xE5,0x0B,0x0E,0xFE,0xB4,0x9D,0xB7,0xA7,0xED,0x3A,0x53
     175   00:8EDE  FE 15 01 33 FC BE 1A 2F EB 0B FB EC C6 CA C5 C6 
     175   00:8EEE  18 47 2E 45 5C E5 0B 0E FE B4 9D B7 A7 ED 3A 53 
     176   00:8EFE                          db 0xE2,0xDC,0xE7,0xFA,0x02,0x15,0x2E,0x38,0x26,0x02,0x15,0xA2,0xD4,0x12,0x28,0x17,0x1C,0x14,0xE6,0xCE,0x01,0xE9,0xD9,0xFB,0xF0,0xEB,0x4E,0x18,0x1F,0x16,0x34,0xFD
     176   00:8EFE  E2 DC E7 FA 02 15 2E 38 26 02 15 A2 D4 12 28 17 
     176   00:8F0E  1C 14 E6 CE 01 E9 D9 FB F0 EB 4E 18 1F 16 34 FD 
     177   00:8F1E                          db 0x22,0x37,0xEE,0x0F,0x0A,0x01,0xF1,0xA7,0xB9,0xDE,0xE4,0x18,0x20,0x3A,0x41,0x01,0x23,0x1B,0xC5,0xDC,0xEC,0xD7,0x05,0xF8,0x20,0xEF,0xF7,0x17,0xE4,0xE7,0x22,0x03
     177   00:8F1E  22 37 EE 0F 0A 01 F1 A7 B9 DE E4 18 20 3A 41 01 
     177   00:8F2E  23 1B C5 DC EC D7 05 F8 20 EF F7 17 E4 E7 22 03 
     178   00:8F3E                          db 0xDD,0xEB,0xEE,0xE3,0xCB,0x0C,0xF7,0x3E,0x2E,0x0A,0x2C,0x04,0x0C,0xF8,0xD3,0xD9,0xD5,0xC2,0xE9,0x0E,0x27,0x3F,0x0A,0x49,0x0C,0xCE,0xEE,0x02,0xFE,0x01,0xE5,0xE1
     178   00:8F3E  DD EB EE E3 CB 0C F7 3E 2E 0A 2C 04 0C F8 D3 D9 
     178   00:8F4E  D5 C2 E9 0E 27 3F 0A 49 0C CE EE 02 FE 01 E5 E1 
     179   00:8F5E                          db 0xCD,0xD9,0xE9,0x07,0x17,0x02,0x16,0xF7,0xEB,0xF5,0xEC,0xFE,0x07,0xF1,0x0E,0xFD,0x00,0x17,0x14,0x19,0x09,0xDC,0xDD,0xDA,0xE5,0xFF,0x06,0x0E,0xFB,0x0A,0x2D,0x0B
     179   00:8F5E  CD D9 E9 07 17 02 16 F7 EB F5 EC FE 07 F1 0E FD 
     179   00:8F6E  00 17 14 19 09 DC DD DA E5 FF 06 0E FB 0A 2D 0B 
     180   00:8F7E                          db 0x20,0x0F,0x2A,0x22,0x1F,0x1F,0xF2,0xED,0xF0,0xF8,0xF9,0xE1,0xFD,0xF0,0x00,0xF3,0x0F,0xF5,0x10,0xF3,0x11,0x1E,0x0D,0x03,0xE7,0xFD,0x04,0xF5,0xEE,0xEC,0xF1,0xF4
     180   00:8F7E  20 0F 2A 22 1F 1F F2 ED F0 F8 F9 E1 FD F0 00 F3 
     180   00:8F8E  0F F5 10 F3 11 1E 0D 03 E7 FD 04 F5 EE EC F1 F4 
     181   00:8F9E                          db 0x1F,0x0D,0xE7,0xF2,0xE6,0xD9,0xF0,0xE7,0xFD,0x10,0x11,0x26,0x1C,0x06,0x00,0xED,0x04,0x03,0xFF,0x06,0xED,0xDA,0xF1,0xEA,0x09,0x08,0x06,0x20,0x17,0x09,0x0D,0x00
     181   00:8F9E  1F 0D E7 F2 E6 D9 F0 E7 FD 10 11 26 1C 06 00 ED 
     181   00:8FAE  04 03 FF 06 ED DA F1 EA 09 08 06 20 17 09 0D 00 
     182   00:8FBE                          db 0x03,0xF9,0x11,0x0C,0xF6,0xF6,0xF5,0x1F,0xFD,0xF8,0xFD,0xEA,0xE0,0xF5,0xF9,0x10,0x11,0xF8,0x13,0xFC,0xFB,0xFD,0xF4,0x13,0x07,0x05,0x01,0xFB,0xED,0x03,0xE4,0xF1
     182   00:8FBE  03 F9 11 0C F6 F6 F5 1F FD F8 FD EA E0 F5 F9 10 
     182   00:8FCE  11 F8 13 FC FB FD F4 13 07 05 01 FB ED 03 E4 F1 
     183   00:8FDE                          db 0xF8,0xF5,0xE2,0xF8,0x05,0xEC,0x10,0x08,0x00,0x0D,0x11,0x0B,0x03,0x04,0x04,0xED,0xEC,0xFB,0xE7,0xEE,0xFF,0x02,0x11,0x0B,0x0E,0x19,0x03,0xEE,0xE5,0xEC,0xFD,0x02
     183   00:8FDE  F8 F5 E2 F8 05 EC 10 08 00 0D 11 0B 03 04 04 ED 
     183   00:8FEE  EC FB E7 EE FF 02 11 0B 0E 19 03 EE E5 EC FD 02 
     184   00:8FFE                          db 0x0E,0x09,0xFE,0xFE,0x07,0xFB,0xFE,0x07,0x00,0xF1,0xF6,0xEB,0xE8,0xFD,0x02,0xFF,0x16,0x14,0x10,0xFD,0x13,0x07,0xFF,0xF3,0xEA,0xDE,0xE6,0xF6,0x00,0x14,0x0F,0x18
     184   00:8FFE  0E 09 FE FE 07 FB FE 07 00 F1 F6 EB E8 FD 02 FF 
     184   00:900E  16 14 10 FD 13 07 FF F3 EA DE E6 F6 00 14 0F 18 
     185   00:901E                          db 0xFE,0xF3,0xEF,0x06,0x0E,0x03,0x13,0x07,0xFA,0xEA,0xF8,0xFC,0xFE,0x07,0x10,0xFD,0xF7,0x03,0xF2,0xFE,0xF4,0xF0,0xF1,0x05,0x10,0x08,0x09,0x15,0x0A,0xFD,0xFC,0xF2
     185   00:901E  FE F3 EF 06 0E 03 13 07 FA EA F8 FC FE 07 10 FD 
     185   00:902E  F7 03 F2 FE F4 F0 F1 05 10 08 09 15 0A FD FC F2 
     186   00:903E                          db 0x00,0x04,0x0A,0x03,0xF6,0xEE,0xEA,0xF1,0xF0,0xF5,0x10,0x0C,0x06,0x12,0x0C,0x0A,0xFA,0xF4,0xF2,0xEF,0x00,0x07,0xF9,0x05,0x04,0xF5,0xFC,0x02,0xF7,0x06,0x01,0x0A
     186   00:903E  00 04 0A 03 F6 EE EA F1 F0 F5 10 0C 06 12 0C 0A 
     186   00:904E  FA F4 F2 EF 00 07 F9 05 04 F5 FC 02 F7 06 01 0A 
     187   00:905E                          db 0xF4,0xF2,0xFD,0x0C,0x0A,0x0A,0x01,0xF8,0xE9,0xF3,0x06,0x0C,0x0E,0xFC,0xFD,0xFC,0xF6,0xF7,0xFB,0x01,0x02,0x09,0x06,0x01,0xF8,0xF7,0xF2,0xFF,0x07,0x0B,0x09,0xF3
     187   00:905E  F4 F2 FD 0C 0A 0A 01 F8 E9 F3 06 0C 0E FC FD FC 
     187   00:906E  F6 F7 FB 01 02 09 06 01 F8 F7 F2 FF 07 0B 09 F3 
     188   00:907E                          db 0xFD,0xFE,0x09,0xFE,0xFB,0xFB,0xF9,0x00,0x03,0x0A,0x07,0xF8,0xF1,0xFA,0xFB,0x07,0x07,0x02,0xFE,0xFF,0x00,0xF5,0xF3,0xF8,0x01,0x0B,0x04,0x09,0xFD,0xF1,0xED,0xFD
     188   00:907E  FD FE 09 FE FB FB F9 00 03 0A 07 F8 F1 FA FB 07 
     188   00:908E  07 02 FE FF 00 F5 F3 F8 01 0B 04 09 FD F1 ED FD 
     189   00:909E                          db 0x06,0x0C,0x06,0xFE,0xFA,0xF6,0xFE,0xFD,0x00,0xFD,0x01,0x08,0xFD,0x01,0xFF,0xFB,0xF6,0xFD,0x04,0x07,0xFE,0xFA,0xFD,0x04,0x02,0xFA,0xFB,0xF5,0xFB,0x07,0x06,0x08
     189   00:909E  06 0C 06 FE FA F6 FE FD 00 FD 01 08 FD 01 FF FB 
     189   00:90AE  F6 FD 04 07 FE FA FD 04 02 FA FB F5 FB 07 06 08 
     190   00:90BE                          db 0xFC,0xF9,0xF3,0xF5,0x01,0x09,0x07,0xFF,0xFD,0x00,0xF9,0xF5,0xFB,0xFF,0x05,0x05,0x04,0x04,0xF8,0xF5,0xF5,0x02,0x05,0x08,0x04,0xF9,0xF8,0xFE,0x01,0x00,0xFF,0xFE
     190   00:90BE  FC F9 F3 F5 01 09 07 FF FD 00 F9 F5 FB FF 05 05 
     190   00:90CE  04 04 F8 F5 F5 02 05 08 04 F9 F8 FE 01 00 FF FE 

    LABELS
-------------------------------------------------
00:00000D40   C_PER
00:000001A8   DEFAULT_NOTE
00:00008004 X samples
00:0000807C   period7
00:0000809A   period_empty
00:0000809C   period10
00:000080C4   period17
00:00008100   period19
00:00008136   period28
00:00008150   period32
00:0000817E   data7
00:0000835E   data10
00:000085BE   data17
00:0000895E   data19
00:00008C9E   data28
00:00008E1E   data32


 Output: sample4.pak
-------------------------------------------------

 Page: 00
  Org: 00008000  Size: *  Used: 000010DE

   Address   Length Align   Label
   00008000    4318         samples
